The system is: Windows - 10.0.19045 - AMD64
Compiling the C compiler identification source file "CMakeCCompilerId.c" succeeded.
Compiler: C:/Program Files/Microsoft Visual Studio/2022/Community/VC/Tools/MSVC/14.39.33519/bin/Hostx64/x64/cl.exe 
Build flags: 
Id flags:  

The output was:
0
Compilador de optimizaci贸n de C/C++ de Microsoft (R) versi贸n 19.39.33523 para x64
(C) Microsoft Corporation. Todos los derechos reservados.

CMakeCCompilerId.c
Microsoft (R) Incremental Linker Version 14.39.33523.0
Copyright (C) Microsoft Corporation.  All rights reserved.

/out:CMakeCCompilerId.exe 
CMakeCCompilerId.obj 


Compilation of the C compiler identification source "CMakeCCompilerId.c" produced "CMakeCCompilerId.exe"

Compilation of the C compiler identification source "CMakeCCompilerId.c" produced "CMakeCCompilerId.obj"

The C compiler identification is MSVC, found in "C:/Windows/System32/Cristina_Martinez/build/CMakeFiles/3.18.2/CompilerIdC/CMakeCCompilerId.exe"

Compiling the CXX compiler identification source file "CMakeCXXCompilerId.cpp" succeeded.
Compiler: C:/Program Files/Microsoft Visual Studio/2022/Community/VC/Tools/MSVC/14.39.33519/bin/Hostx64/x64/cl.exe 
Build flags: 
Id flags:  

The output was:
0
Compilador de optimizaci贸n de C/C++ de Microsoft (R) versi贸n 19.39.33523 para x64
(C) Microsoft Corporation. Todos los derechos reservados.

CMakeCXXCompilerId.cpp
Microsoft (R) Incremental Linker Version 14.39.33523.0
Copyright (C) Microsoft Corporation.  All rights reserved.

/out:CMakeCXXCompilerId.exe 
CMakeCXXCompilerId.obj 


Compilation of the CXX compiler identification source "CMakeCXXCompilerId.cpp" produced "CMakeCXXCompilerId.exe"

Compilation of the CXX compiler identification source "CMakeCXXCompilerId.cpp" produced "CMakeCXXCompilerId.obj"

The CXX compiler identification is MSVC, found in "C:/Windows/System32/Cristina_Martinez/build/CMakeFiles/3.18.2/CompilerIdCXX/CMakeCXXCompilerId.exe"

Detecting C compiler ABI info compiled with the following output:
Change Dir: C:/Windows/System32/Cristina_Martinez/build/CMakeFiles/CMakeTmp

Run Build Command(s):nmake /nologo cmTC_58c4e\fast && 	"C:\Program Files\Microsoft Visual Studio\2022\Community\VC\Tools\MSVC\14.39.33519\bin\HostX64\x64\nmake.exe"  -f CMakeFiles\cmTC_58c4e.dir\build.make /nologo -L                  CMakeFiles\cmTC_58c4e.dir\build
Building C object CMakeFiles/cmTC_58c4e.dir/CMakeCCompilerABI.c.obj
	C:\PROGRA~1\MIB055~1\2022\COMMUN~1\VC\Tools\MSVC\1439~1.335\bin\Hostx64\x64\cl.exe @C:\Users\DELL\AppData\Local\Temp\nm7D44.tmp
CMakeCCompilerABI.c
Linking C executable cmTC_58c4e.exe
	C:\opt\ros\melodic\x64\lib\site-packages\cmake\data\bin\cmake.exe -E vs_link_exe --intdir=CMakeFiles\cmTC_58c4e.dir --rc=C:\PROGRA~2\WI3CF2~1\10\bin\100226~1.0\x64\rc.exe --mt=C:\PROGRA~2\WI3CF2~1\10\bin\100226~1.0\x64\mt.exe --manifests -- C:\PROGRA~1\MIB055~1\2022\COMMUN~1\VC\Tools\MSVC\1439~1.335\bin\Hostx64\x64\link.exe /nologo @CMakeFiles\cmTC_58c4e.dir\objects1.rsp @C:\Users\DELL\AppData\Local\Temp\nm7FB6.tmp



Detecting CXX compiler ABI info compiled with the following output:
Change Dir: C:/Windows/System32/Cristina_Martinez/build/CMakeFiles/CMakeTmp

Run Build Command(s):nmake /nologo cmTC_96a7f\fast && 	"C:\Program Files\Microsoft Visual Studio\2022\Community\VC\Tools\MSVC\14.39.33519\bin\HostX64\x64\nmake.exe"  -f CMakeFiles\cmTC_96a7f.dir\build.make /nologo -L                  CMakeFiles\cmTC_96a7f.dir\build
Building CXX object CMakeFiles/cmTC_96a7f.dir/CMakeCXXCompilerABI.cpp.obj
	C:\PROGRA~1\MIB055~1\2022\COMMUN~1\VC\Tools\MSVC\1439~1.335\bin\Hostx64\x64\cl.exe @C:\Users\DELL\AppData\Local\Temp\nm86C9.tmp
CMakeCXXCompilerABI.cpp
Linking CXX executable cmTC_96a7f.exe
	C:\opt\ros\melodic\x64\lib\site-packages\cmake\data\bin\cmake.exe -E vs_link_exe --intdir=CMakeFiles\cmTC_96a7f.dir --rc=C:\PROGRA~2\WI3CF2~1\10\bin\100226~1.0\x64\rc.exe --mt=C:\PROGRA~2\WI3CF2~1\10\bin\100226~1.0\x64\mt.exe --manifests -- C:\PROGRA~1\MIB055~1\2022\COMMUN~1\VC\Tools\MSVC\1439~1.335\bin\Hostx64\x64\link.exe /nologo @CMakeFiles\cmTC_96a7f.dir\objects1.rsp @C:\Users\DELL\AppData\Local\Temp\nm8822.tmp



